<<<<<<< HEAD
2022-10-04T11:47:13+00:00 ERROR Incorrect response from Mailchimp API with: stdClass Object
=======
2022-10-04T10:10:14+00:00 ERROR Incorrect response from Mailchimp API with: stdClass Object
>>>>>>> 8d8807f0ede775a89a9ecf03f47d0ce13464d2d3
(
    [code] => mailchimp-error
    [message] => A MailChimp error has occurred.
    [data] => stdClass Object
        (
            [type] => https://mailchimp.com/developer/marketing/docs/errors/
            [title] => Resource Not Found
            [status] => 404
            [detail] => The requested resource could not be found.
<<<<<<< HEAD
            [instance] => c39d73db-44b7-b390-c7f7-d937b6f29d1c
        )

)

=======
            [instance] => 0f4d1280-e56a-2795-9ff1-0b2679d4876b
        )

)

>>>>>>> 8d8807f0ede775a89a9ecf03f47d0ce13464d2d3
